This file contains any messages produced by compilers while
running configure, to aid debugging if configure makes a mistake.

It was created by scalpel configure 2.01, which was
generated by GNU Autoconf 2.71.  Invocation command line was

  $ ./configure

## --------- ##
## Platform. ##
## --------- ##

hostname = CiC
uname -m = x86_64
uname -r = 6.5.0-kali3-amd64
uname -s = Linux
uname -v = #1 SMP PREEMPT_DYNAMIC Debian 6.5.6-1kali1 (2023-10-09)

/usr/bin/uname -p = unknown
/bin/uname -X     = unknown

/bin/arch              = x86_64
/usr/bin/arch -k       = unknown
/usr/convex/getsysinfo = unknown
/usr/bin/hostinfo      = unknown
/bin/machine           = unknown
/usr/bin/oslevel       = unknown
/bin/universe          = unknown

PATH: /usr/local/sbin/
PATH: /usr/sbin/
PATH: /sbin/
PATH: /usr/local/bin/
PATH: /usr/bin/
PATH: /bin/
PATH: /usr/local/games/
PATH: /usr/games/
PATH: /home/user/.dotnet/tools/


## ----------- ##
## Core tests. ##
## ----------- ##

configure:2340: looking for aux files: compile missing install-sh
configure:2353:  trying ./
configure:2382:   ./compile found
configure:2382:   ./missing found
configure:2364:   ./install-sh found
configure:2511: checking for a BSD-compatible install
configure:2584: result: ./install-sh -c
configure:2595: checking whether build environment is sane
configure:2650: result: yes
configure:2685: WARNING: 'missing' script is too old or missing
configure:2809: checking for a race-free mkdir -p
configure:2853: result: /usr/bin/mkdir -p
configure:2860: checking for gawk
configure:2881: found /usr/bin/gawk
configure:2892: result: gawk
configure:2903: checking whether make sets $(MAKE)
configure:2926: result: yes
configure:2956: checking whether make supports nested variables
configure:2974: result: yes
configure:3127: checking whether make supports the include directive
configure:3142: make -f confmf.GNU && cat confinc.out
this is the am__doit target
configure:3145: $? = 0
configure:3164: result: yes (GNU style)
configure:3240: checking for gcc
configure:3261: found /usr/bin/gcc
configure:3272: result: gcc
configure:3625: checking for C compiler version
configure:3634: gcc --version >&5
gcc (Debian 13.2.0-7) 13.2.0
Copyright (C) 2023 Free Software Foundation, Inc.
This is free software; see the source for copying conditions.  There is NO
warranty; not even for MERCHANTABILITY or FITNESS FOR A PARTICULAR PURPOSE.

configure:3645: $? = 0
configure:3634: gcc -v >&5
Using built-in specs.
COLLECT_GCC=gcc
COLLECT_LTO_WRAPPER=/usr/libexec/gcc/x86_64-linux-gnu/13/lto-wrapper
OFFLOAD_TARGET_NAMES=nvptx-none:amdgcn-amdhsa
OFFLOAD_TARGET_DEFAULT=1
Target: x86_64-linux-gnu
Configured with: ../src/configure -v --with-pkgversion='Debian 13.2.0-7' --with-bugurl=file:///usr/share/doc/gcc-13/README.Bugs --enable-languages=c,ada,c++,go,d,fortran,objc,obj-c++,m2 --prefix=/usr --with-gcc-major-version-only --program-suffix=-13 --program-prefix=x86_64-linux-gnu- --enable-shared --enable-linker-build-id --libexecdir=/usr/libexec --without-included-gettext --enable-threads=posix --libdir=/usr/lib --enable-nls --enable-bootstrap --enable-clocale=gnu --enable-libstdcxx-debug --enable-libstdcxx-time=yes --with-default-libstdcxx-abi=new --enable-gnu-unique-object --disable-vtable-verify --enable-plugin --enable-default-pie --with-system-zlib --enable-libphobos-checking=release --with-target-system-zlib=auto --enable-objc-gc=auto --enable-multiarch --disable-werror --enable-cet --with-arch-32=i686 --with-abi=m64 --with-multilib-list=m32,m64,mx32 --enable-multilib --with-tune=generic --enable-offload-targets=nvptx-none=/build/reproducible-path/gcc-13-13.2.0/debian/tmp-nvptx/usr,amdgcn-amdhsa=/build/reproducible-path/gcc-13-13.2.0/debian/tmp-gcn/usr --enable-offload-defaulted --without-cuda-driver --enable-checking=release --build=x86_64-linux-gnu --host=x86_64-linux-gnu --target=x86_64-linux-gnu --with-build-config=bootstrap-lto-lean --enable-link-serialization=3
Thread model: posix
Supported LTO compression algorithms: zlib zstd
gcc version 13.2.0 (Debian 13.2.0-7) 
... rest of stderr output deleted ...
configure:3645: $? = 0
configure:3634: gcc -V >&5
gcc: error: unrecognized command-line option '-V'
gcc: fatal error: no input files
compilation terminated.
configure:3645: $? = 1
configure:3634: gcc -qversion >&5
gcc: error: unrecognized command-line option '-qversion'; did you mean '--version'?
gcc: fatal error: no input files
compilation terminated.
configure:3645: $? = 1
configure:3634: gcc -version >&5
gcc: error: unrecognized command-line option '-version'
gcc: fatal error: no input files
compilation terminated.
configure:3645: $? = 1
configure:3665: checking whether the C compiler works
configure:3687: gcc    conftest.c  >&5
configure:3691: $? = 0
configure:3741: result: yes
configure:3744: checking for C compiler default output file name
configure:3746: result: a.out
configure:3752: checking for suffix of executables
configure:3759: gcc -o conftest    conftest.c  >&5
configure:3763: $? = 0
configure:3786: result: 
configure:3808: checking whether we are cross compiling
configure:3816: gcc -o conftest    conftest.c  >&5
configure:3820: $? = 0
configure:3827: ./conftest
configure:3831: $? = 0
configure:3846: result: no
configure:3851: checking for suffix of object files
configure:3874: gcc -c   conftest.c >&5
configure:3878: $? = 0
configure:3900: result: o
configure:3904: checking whether the compiler supports GNU C
configure:3924: gcc -c   conftest.c >&5
configure:3924: $? = 0
configure:3934: result: yes
configure:3945: checking whether gcc accepts -g
configure:3966: gcc -c -g  conftest.c >&5
configure:3966: $? = 0
configure:4010: result: yes
configure:4030: checking for gcc option to enable C11 features
configure:4045: gcc  -c -g -O2  conftest.c >&5
configure:4045: $? = 0
configure:4063: result: none needed
configure:4179: checking whether gcc understands -c and -o together
configure:4202: gcc -c conftest.c -o conftest2.o
configure:4205: $? = 0
configure:4202: gcc -c conftest.c -o conftest2.o
configure:4205: $? = 0
configure:4217: result: yes
configure:4236: checking dependency style of gcc
configure:4348: result: gcc3
configure:4372: checking for special C compiler options needed for large files
configure:4420: result: no
configure:4426: checking for _FILE_OFFSET_BITS value needed for large files
configure:4452: gcc -c -g -O2  conftest.c >&5
configure:4452: $? = 0
configure:4486: result: no
configure:4623: checking for gcc
configure:4655: result: gcc
configure:5008: checking for C compiler version
configure:5017: gcc --version >&5
gcc (Debian 13.2.0-7) 13.2.0
Copyright (C) 2023 Free Software Foundation, Inc.
This is free software; see the source for copying conditions.  There is NO
warranty; not even for MERCHANTABILITY or FITNESS FOR A PARTICULAR PURPOSE.

configure:5028: $? = 0
configure:5017: gcc -v >&5
Using built-in specs.
COLLECT_GCC=gcc
COLLECT_LTO_WRAPPER=/usr/libexec/gcc/x86_64-linux-gnu/13/lto-wrapper
OFFLOAD_TARGET_NAMES=nvptx-none:amdgcn-amdhsa
OFFLOAD_TARGET_DEFAULT=1
Target: x86_64-linux-gnu
Configured with: ../src/configure -v --with-pkgversion='Debian 13.2.0-7' --with-bugurl=file:///usr/share/doc/gcc-13/README.Bugs --enable-languages=c,ada,c++,go,d,fortran,objc,obj-c++,m2 --prefix=/usr --with-gcc-major-version-only --program-suffix=-13 --program-prefix=x86_64-linux-gnu- --enable-shared --enable-linker-build-id --libexecdir=/usr/libexec --without-included-gettext --enable-threads=posix --libdir=/usr/lib --enable-nls --enable-bootstrap --enable-clocale=gnu --enable-libstdcxx-debug --enable-libstdcxx-time=yes --with-default-libstdcxx-abi=new --enable-gnu-unique-object --disable-vtable-verify --enable-plugin --enable-default-pie --with-system-zlib --enable-libphobos-checking=release --with-target-system-zlib=auto --enable-objc-gc=auto --enable-multiarch --disable-werror --enable-cet --with-arch-32=i686 --with-abi=m64 --with-multilib-list=m32,m64,mx32 --enable-multilib --with-tune=generic --enable-offload-targets=nvptx-none=/build/reproducible-path/gcc-13-13.2.0/debian/tmp-nvptx/usr,amdgcn-amdhsa=/build/reproducible-path/gcc-13-13.2.0/debian/tmp-gcn/usr --enable-offload-defaulted --without-cuda-driver --enable-checking=release --build=x86_64-linux-gnu --host=x86_64-linux-gnu --target=x86_64-linux-gnu --with-build-config=bootstrap-lto-lean --enable-link-serialization=3
Thread model: posix
Supported LTO compression algorithms: zlib zstd
gcc version 13.2.0 (Debian 13.2.0-7) 
... rest of stderr output deleted ...
configure:5028: $? = 0
configure:5017: gcc -V >&5
gcc: error: unrecognized command-line option '-V'
gcc: fatal error: no input files
compilation terminated.
configure:5028: $? = 1
configure:5017: gcc -qversion >&5
gcc: error: unrecognized command-line option '-qversion'; did you mean '--version'?
gcc: fatal error: no input files
compilation terminated.
configure:5028: $? = 1
configure:5017: gcc -version >&5
gcc: error: unrecognized command-line option '-version'
gcc: fatal error: no input files
compilation terminated.
configure:5028: $? = 1
configure:5032: checking whether the compiler supports GNU C
configure:5062: result: yes
configure:5073: checking whether gcc accepts -g
configure:5138: result: yes
configure:5158: checking for gcc option to enable C11 features
configure:5191: result: none needed
configure:5307: checking whether gcc understands -c and -o together
configure:5345: result: yes
configure:5364: checking dependency style of gcc
configure:5476: result: gcc3
configure:5493: checking for fabs in -lm
configure:5516: gcc -o conftest -g -O2   conftest.c -lm   >&5
conftest.c:15:6: warning: conflicting types for built-in function 'fabs'; expected 'double(double)' [-Wbuiltin-declaration-mismatch]
   15 | char fabs ();
      |      ^~~~
conftest.c:1:1: note: 'fabs' is declared in header '<math.h>'
    1 | /* confdefs.h */
configure:5516: $? = 0
configure:5526: result: yes
configure:5536: checking for pthread_create in -lpthread
configure:5559: gcc -o conftest -g -O2   conftest.c -lpthread  -lm  >&5
configure:5559: $? = 0
configure:5569: result: yes
configure:5581: checking for regcomp in -ltre
configure:5604: gcc -o conftest -g -O2   conftest.c -ltre  -lpthread -lm  >&5
configure:5604: $? = 0
configure:5614: result: yes
configure:5632: checking for stdio.h
configure:5632: gcc -c -g -O2  conftest.c >&5
configure:5632: $? = 0
configure:5632: result: yes
configure:5632: checking for stdlib.h
configure:5632: gcc -c -g -O2  conftest.c >&5
configure:5632: $? = 0
configure:5632: result: yes
configure:5632: checking for string.h
configure:5632: gcc -c -g -O2  conftest.c >&5
configure:5632: $? = 0
configure:5632: result: yes
configure:5632: checking for inttypes.h
configure:5632: gcc -c -g -O2  conftest.c >&5
configure:5632: $? = 0
configure:5632: result: yes
configure:5632: checking for stdint.h
configure:5632: gcc -c -g -O2  conftest.c >&5
configure:5632: $? = 0
configure:5632: result: yes
configure:5632: checking for strings.h
configure:5632: gcc -c -g -O2  conftest.c >&5
configure:5632: $? = 0
configure:5632: result: yes
configure:5632: checking for sys/stat.h
configure:5632: gcc -c -g -O2  conftest.c >&5
configure:5632: $? = 0
configure:5632: result: yes
configure:5632: checking for sys/types.h
configure:5632: gcc -c -g -O2  conftest.c >&5
configure:5632: $? = 0
configure:5632: result: yes
configure:5632: checking for unistd.h
configure:5632: gcc -c -g -O2  conftest.c >&5
configure:5632: $? = 0
configure:5632: result: yes
configure:5657: checking for fcntl.h
configure:5657: gcc -c -g -O2  conftest.c >&5
configure:5657: $? = 0
configure:5657: result: yes
configure:5663: checking for limits.h
configure:5663: gcc -c -g -O2  conftest.c >&5
configure:5663: $? = 0
configure:5663: result: yes
configure:5669: checking for stddef.h
configure:5669: gcc -c -g -O2  conftest.c >&5
configure:5669: $? = 0
configure:5669: result: yes
configure:5675: checking for stdlib.h
configure:5675: result: yes
configure:5681: checking for string.h
configure:5681: result: yes
configure:5687: checking for sys/ioctl.h
configure:5687: gcc -c -g -O2  conftest.c >&5
configure:5687: $? = 0
configure:5687: result: yes
configure:5693: checking for sys/mount.h
configure:5693: gcc -c -g -O2  conftest.c >&5
configure:5693: $? = 0
configure:5693: result: yes
configure:5699: checking for sys/param.h
configure:5699: gcc -c -g -O2  conftest.c >&5
configure:5699: $? = 0
configure:5699: result: yes
configure:5705: checking for sys/time.h
configure:5705: gcc -c -g -O2  conftest.c >&5
configure:5705: $? = 0
configure:5705: result: yes
configure:5711: checking for sys/timeb.h
configure:5711: gcc -c -g -O2  conftest.c >&5
configure:5711: $? = 0
configure:5711: result: yes
configure:5717: checking for unistd.h
configure:5717: result: yes
configure:5726: checking for _Bool
configure:5726: gcc -c -g -O2  conftest.c >&5
configure:5726: $? = 0
configure:5726: gcc -c -g -O2  conftest.c >&5
conftest.c: In function 'main':
conftest.c:66:20: error: expected expression before ')' token
   66 | if (sizeof ((_Bool)))
      |                    ^
configure:5726: $? = 1
configure: failed program was:
| /* confdefs.h */
| #define PACKAGE_NAME "scalpel"
| #define PACKAGE_TARNAME "scalpel"
| #define PACKAGE_VERSION "2.01"
| #define PACKAGE_STRING "scalpel 2.01"
| #define PACKAGE_BUGREPORT "scalpel@digdeeply.com"
| #define PACKAGE_URL ""
| #define PACKAGE "scalpel"
| #define VERSION "2.01"
| #define HAVE_LIBM 1
| #define HAVE_LIBPTHREAD 1
| #define HAVE_LIBTRE 1
| #define HAVE_STDIO_H 1
| #define HAVE_STDLIB_H 1
| #define HAVE_STRING_H 1
| #define HAVE_INTTYPES_H 1
| #define HAVE_STDINT_H 1
| #define HAVE_STRINGS_H 1
| #define HAVE_SYS_STAT_H 1
| #define HAVE_SYS_TYPES_H 1
| #define HAVE_UNISTD_H 1
| #define STDC_HEADERS 1
| #define HAVE_FCNTL_H 1
| #define HAVE_LIMITS_H 1
| #define HAVE_STDDEF_H 1
| #define HAVE_STDLIB_H 1
| #define HAVE_STRING_H 1
| #define HAVE_SYS_IOCTL_H 1
| #define HAVE_SYS_MOUNT_H 1
| #define HAVE_SYS_PARAM_H 1
| #define HAVE_SYS_TIME_H 1
| #define HAVE_SYS_TIMEB_H 1
| #define HAVE_UNISTD_H 1
| /* end confdefs.h.  */
| #include <stddef.h>
| #ifdef HAVE_STDIO_H
| # include <stdio.h>
| #endif
| #ifdef HAVE_STDLIB_H
| # include <stdlib.h>
| #endif
| #ifdef HAVE_STRING_H
| # include <string.h>
| #endif
| #ifdef HAVE_INTTYPES_H
| # include <inttypes.h>
| #endif
| #ifdef HAVE_STDINT_H
| # include <stdint.h>
| #endif
| #ifdef HAVE_STRINGS_H
| # include <strings.h>
| #endif
| #ifdef HAVE_SYS_TYPES_H
| # include <sys/types.h>
| #endif
| #ifdef HAVE_SYS_STAT_H
| # include <sys/stat.h>
| #endif
| #ifdef HAVE_UNISTD_H
| # include <unistd.h>
| #endif
| int
| main (void)
| {
| if (sizeof ((_Bool)))
| 	    return 0;
|   ;
|   return 0;
| }
configure:5726: result: yes
configure:5735: checking for stdbool.h that conforms to C99
configure:5851: gcc -c -g -O2  conftest.c >&5
configure:5851: $? = 0
configure:5859: result: yes
configure:5868: checking for inline
configure:5885: gcc -c -g -O2  conftest.c >&5
configure:5885: $? = 0
configure:5894: result: inline
configure:5912: checking for mode_t
configure:5912: gcc -c -g -O2  conftest.c >&5
configure:5912: $? = 0
configure:5912: gcc -c -g -O2  conftest.c >&5
conftest.c: In function 'main':
conftest.c:68:21: error: expected expression before ')' token
   68 | if (sizeof ((mode_t)))
      |                     ^
configure:5912: $? = 1
configure: failed program was:
| /* confdefs.h */
| #define PACKAGE_NAME "scalpel"
| #define PACKAGE_TARNAME "scalpel"
| #define PACKAGE_VERSION "2.01"
| #define PACKAGE_STRING "scalpel 2.01"
| #define PACKAGE_BUGREPORT "scalpel@digdeeply.com"
| #define PACKAGE_URL ""
| #define PACKAGE "scalpel"
| #define VERSION "2.01"
| #define HAVE_LIBM 1
| #define HAVE_LIBPTHREAD 1
| #define HAVE_LIBTRE 1
| #define HAVE_STDIO_H 1
| #define HAVE_STDLIB_H 1
| #define HAVE_STRING_H 1
| #define HAVE_INTTYPES_H 1
| #define HAVE_STDINT_H 1
| #define HAVE_STRINGS_H 1
| #define HAVE_SYS_STAT_H 1
| #define HAVE_SYS_TYPES_H 1
| #define HAVE_UNISTD_H 1
| #define STDC_HEADERS 1
| #define HAVE_FCNTL_H 1
| #define HAVE_LIMITS_H 1
| #define HAVE_STDDEF_H 1
| #define HAVE_STDLIB_H 1
| #define HAVE_STRING_H 1
| #define HAVE_SYS_IOCTL_H 1
| #define HAVE_SYS_MOUNT_H 1
| #define HAVE_SYS_PARAM_H 1
| #define HAVE_SYS_TIME_H 1
| #define HAVE_SYS_TIMEB_H 1
| #define HAVE_UNISTD_H 1
| #define HAVE__BOOL 1
| #define HAVE_STDBOOL_H 1
| /* end confdefs.h.  */
| #include <stddef.h>
| #ifdef HAVE_STDIO_H
| # include <stdio.h>
| #endif
| #ifdef HAVE_STDLIB_H
| # include <stdlib.h>
| #endif
| #ifdef HAVE_STRING_H
| # include <string.h>
| #endif
| #ifdef HAVE_INTTYPES_H
| # include <inttypes.h>
| #endif
| #ifdef HAVE_STDINT_H
| # include <stdint.h>
| #endif
| #ifdef HAVE_STRINGS_H
| # include <strings.h>
| #endif
| #ifdef HAVE_SYS_TYPES_H
| # include <sys/types.h>
| #endif
| #ifdef HAVE_SYS_STAT_H
| # include <sys/stat.h>
| #endif
| #ifdef HAVE_UNISTD_H
| # include <unistd.h>
| #endif
| int
| main (void)
| {
| if (sizeof ((mode_t)))
| 	    return 0;
|   ;
|   return 0;
| }
configure:5912: result: yes
configure:5922: checking for off_t
configure:5922: gcc -c -g -O2  conftest.c >&5
configure:5922: $? = 0
configure:5922: gcc -c -g -O2  conftest.c >&5
conftest.c: In function 'main':
conftest.c:68:20: error: expected expression before ')' token
   68 | if (sizeof ((off_t)))
      |                    ^
configure:5922: $? = 1
configure: failed program was:
| /* confdefs.h */
| #define PACKAGE_NAME "scalpel"
| #define PACKAGE_TARNAME "scalpel"
| #define PACKAGE_VERSION "2.01"
| #define PACKAGE_STRING "scalpel 2.01"
| #define PACKAGE_BUGREPORT "scalpel@digdeeply.com"
| #define PACKAGE_URL ""
| #define PACKAGE "scalpel"
| #define VERSION "2.01"
| #define HAVE_LIBM 1
| #define HAVE_LIBPTHREAD 1
| #define HAVE_LIBTRE 1
| #define HAVE_STDIO_H 1
| #define HAVE_STDLIB_H 1
| #define HAVE_STRING_H 1
| #define HAVE_INTTYPES_H 1
| #define HAVE_STDINT_H 1
| #define HAVE_STRINGS_H 1
| #define HAVE_SYS_STAT_H 1
| #define HAVE_SYS_TYPES_H 1
| #define HAVE_UNISTD_H 1
| #define STDC_HEADERS 1
| #define HAVE_FCNTL_H 1
| #define HAVE_LIMITS_H 1
| #define HAVE_STDDEF_H 1
| #define HAVE_STDLIB_H 1
| #define HAVE_STRING_H 1
| #define HAVE_SYS_IOCTL_H 1
| #define HAVE_SYS_MOUNT_H 1
| #define HAVE_SYS_PARAM_H 1
| #define HAVE_SYS_TIME_H 1
| #define HAVE_SYS_TIMEB_H 1
| #define HAVE_UNISTD_H 1
| #define HAVE__BOOL 1
| #define HAVE_STDBOOL_H 1
| /* end confdefs.h.  */
| #include <stddef.h>
| #ifdef HAVE_STDIO_H
| # include <stdio.h>
| #endif
| #ifdef HAVE_STDLIB_H
| # include <stdlib.h>
| #endif
| #ifdef HAVE_STRING_H
| # include <string.h>
| #endif
| #ifdef HAVE_INTTYPES_H
| # include <inttypes.h>
| #endif
| #ifdef HAVE_STDINT_H
| # include <stdint.h>
| #endif
| #ifdef HAVE_STRINGS_H
| # include <strings.h>
| #endif
| #ifdef HAVE_SYS_TYPES_H
| # include <sys/types.h>
| #endif
| #ifdef HAVE_SYS_STAT_H
| # include <sys/stat.h>
| #endif
| #ifdef HAVE_UNISTD_H
| # include <unistd.h>
| #endif
| int
| main (void)
| {
| if (sizeof ((off_t)))
| 	    return 0;
|   ;
|   return 0;
| }
configure:5922: result: yes
configure:5933: checking for pid_t
configure:5933: gcc -c -g -O2  conftest.c >&5
configure:5933: $? = 0
configure:5933: gcc -c -g -O2  conftest.c >&5
conftest.c: In function 'main':
conftest.c:69:20: error: expected expression before ')' token
   69 | if (sizeof ((pid_t)))
      |                    ^
configure:5933: $? = 1
configure: failed program was:
| /* confdefs.h */
| #define PACKAGE_NAME "scalpel"
| #define PACKAGE_TARNAME "scalpel"
| #define PACKAGE_VERSION "2.01"
| #define PACKAGE_STRING "scalpel 2.01"
| #define PACKAGE_BUGREPORT "scalpel@digdeeply.com"
| #define PACKAGE_URL ""
| #define PACKAGE "scalpel"
| #define VERSION "2.01"
| #define HAVE_LIBM 1
| #define HAVE_LIBPTHREAD 1
| #define HAVE_LIBTRE 1
| #define HAVE_STDIO_H 1
| #define HAVE_STDLIB_H 1
| #define HAVE_STRING_H 1
| #define HAVE_INTTYPES_H 1
| #define HAVE_STDINT_H 1
| #define HAVE_STRINGS_H 1
| #define HAVE_SYS_STAT_H 1
| #define HAVE_SYS_TYPES_H 1
| #define HAVE_UNISTD_H 1
| #define STDC_HEADERS 1
| #define HAVE_FCNTL_H 1
| #define HAVE_LIMITS_H 1
| #define HAVE_STDDEF_H 1
| #define HAVE_STDLIB_H 1
| #define HAVE_STRING_H 1
| #define HAVE_SYS_IOCTL_H 1
| #define HAVE_SYS_MOUNT_H 1
| #define HAVE_SYS_PARAM_H 1
| #define HAVE_SYS_TIME_H 1
| #define HAVE_SYS_TIMEB_H 1
| #define HAVE_UNISTD_H 1
| #define HAVE__BOOL 1
| #define HAVE_STDBOOL_H 1
| /* end confdefs.h.  */
| #include <stddef.h>
| #ifdef HAVE_STDIO_H
| # include <stdio.h>
| #endif
| #ifdef HAVE_STDLIB_H
| # include <stdlib.h>
| #endif
| #ifdef HAVE_STRING_H
| # include <string.h>
| #endif
| #ifdef HAVE_INTTYPES_H
| # include <inttypes.h>
| #endif
| #ifdef HAVE_STDINT_H
| # include <stdint.h>
| #endif
| #ifdef HAVE_STRINGS_H
| # include <strings.h>
| #endif
| #ifdef HAVE_SYS_TYPES_H
| # include <sys/types.h>
| #endif
| #ifdef HAVE_SYS_STAT_H
| # include <sys/stat.h>
| #endif
| #ifdef HAVE_UNISTD_H
| # include <unistd.h>
| #endif
| 
| int
| main (void)
| {
| if (sizeof ((pid_t)))
| 	    return 0;
|   ;
|   return 0;
| }
configure:5933: result: yes
configure:5969: checking for size_t
configure:5969: gcc -c -g -O2  conftest.c >&5
configure:5969: $? = 0
configure:5969: gcc -c -g -O2  conftest.c >&5
conftest.c: In function 'main':
conftest.c:68:21: error: expected expression before ')' token
   68 | if (sizeof ((size_t)))
      |                     ^
configure:5969: $? = 1
configure: failed program was:
| /* confdefs.h */
| #define PACKAGE_NAME "scalpel"
| #define PACKAGE_TARNAME "scalpel"
| #define PACKAGE_VERSION "2.01"
| #define PACKAGE_STRING "scalpel 2.01"
| #define PACKAGE_BUGREPORT "scalpel@digdeeply.com"
| #define PACKAGE_URL ""
| #define PACKAGE "scalpel"
| #define VERSION "2.01"
| #define HAVE_LIBM 1
| #define HAVE_LIBPTHREAD 1
| #define HAVE_LIBTRE 1
| #define HAVE_STDIO_H 1
| #define HAVE_STDLIB_H 1
| #define HAVE_STRING_H 1
| #define HAVE_INTTYPES_H 1
| #define HAVE_STDINT_H 1
| #define HAVE_STRINGS_H 1
| #define HAVE_SYS_STAT_H 1
| #define HAVE_SYS_TYPES_H 1
| #define HAVE_UNISTD_H 1
| #define STDC_HEADERS 1
| #define HAVE_FCNTL_H 1
| #define HAVE_LIMITS_H 1
| #define HAVE_STDDEF_H 1
| #define HAVE_STDLIB_H 1
| #define HAVE_STRING_H 1
| #define HAVE_SYS_IOCTL_H 1
| #define HAVE_SYS_MOUNT_H 1
| #define HAVE_SYS_PARAM_H 1
| #define HAVE_SYS_TIME_H 1
| #define HAVE_SYS_TIMEB_H 1
| #define HAVE_UNISTD_H 1
| #define HAVE__BOOL 1
| #define HAVE_STDBOOL_H 1
| /* end confdefs.h.  */
| #include <stddef.h>
| #ifdef HAVE_STDIO_H
| # include <stdio.h>
| #endif
| #ifdef HAVE_STDLIB_H
| # include <stdlib.h>
| #endif
| #ifdef HAVE_STRING_H
| # include <string.h>
| #endif
| #ifdef HAVE_INTTYPES_H
| # include <inttypes.h>
| #endif
| #ifdef HAVE_STDINT_H
| # include <stdint.h>
| #endif
| #ifdef HAVE_STRINGS_H
| # include <strings.h>
| #endif
| #ifdef HAVE_SYS_TYPES_H
| # include <sys/types.h>
| #endif
| #ifdef HAVE_SYS_STAT_H
| # include <sys/stat.h>
| #endif
| #ifdef HAVE_UNISTD_H
| # include <unistd.h>
| #endif
| int
| main (void)
| {
| if (sizeof ((size_t)))
| 	    return 0;
|   ;
|   return 0;
| }
configure:5969: result: yes
configure:5981: checking for _LARGEFILE_SOURCE value needed for large files
configure:6001: gcc -o conftest -g -O2   conftest.c -ltre -lpthread -lm  >&5
configure:6001: $? = 0
configure:6031: result: no
configure:6052: checking for bzero
configure:6052: gcc -o conftest -g -O2   conftest.c -ltre -lpthread -lm  >&5
conftest.c:54:6: warning: conflicting types for built-in function 'bzero'; expected 'void(void *, long unsigned int)' [-Wbuiltin-declaration-mismatch]
   54 | char bzero ();
      |      ^~~~~
configure:6052: $? = 0
configure:6052: result: yes
configure:6058: checking for gettimeofday
configure:6058: gcc -o conftest -g -O2   conftest.c -ltre -lpthread -lm  >&5
configure:6058: $? = 0
configure:6058: result: yes
configure:6064: checking for mkdir
configure:6064: gcc -o conftest -g -O2   conftest.c -ltre -lpthread -lm  >&5
configure:6064: $? = 0
configure:6064: result: yes
configure:6070: checking for realpath
configure:6070: gcc -o conftest -g -O2   conftest.c -ltre -lpthread -lm  >&5
configure:6070: $? = 0
configure:6070: result: yes
configure:6076: checking for regcomp
configure:6076: gcc -o conftest -g -O2   conftest.c -ltre -lpthread -lm  >&5
configure:6076: $? = 0
configure:6076: result: yes
configure:6082: checking for strchr
configure:6082: gcc -o conftest -g -O2   conftest.c -ltre -lpthread -lm  >&5
conftest.c:59:6: warning: conflicting types for built-in function 'strchr'; expected 'char *(const char *, int)' [-Wbuiltin-declaration-mismatch]
   59 | char strchr ();
      |      ^~~~~~
conftest.c:51:1: note: 'strchr' is declared in header '<string.h>'
   50 | #include <limits.h>
   51 | #undef strchr
configure:6082: $? = 0
configure:6082: result: yes
configure:6088: checking for strdup
configure:6088: gcc -o conftest -g -O2   conftest.c -ltre -lpthread -lm  >&5
conftest.c:60:6: warning: conflicting types for built-in function 'strdup'; expected 'char *(const char *)' [-Wbuiltin-declaration-mismatch]
   60 | char strdup ();
      |      ^~~~~~
configure:6088: $? = 0
configure:6088: result: yes
configure:6094: checking for strerror
configure:6094: gcc -o conftest -g -O2   conftest.c -ltre -lpthread -lm  >&5
configure:6094: $? = 0
configure:6094: result: yes
configure:6100: checking for strncasecmp
configure:6100: gcc -o conftest -g -O2   conftest.c -ltre -lpthread -lm  >&5
conftest.c:62:6: warning: conflicting types for built-in function 'strncasecmp'; expected 'int(const char *, const char *, long unsigned int)' [-Wbuiltin-declaration-mismatch]
   62 | char strncasecmp ();
      |      ^~~~~~~~~~~
configure:6100: $? = 0
configure:6100: result: yes
configure:6106: checking for strtoul
configure:6106: gcc -o conftest -g -O2   conftest.c -ltre -lpthread -lm  >&5
configure:6106: $? = 0
configure:6106: result: yes
configure:6112: checking for strtoull
configure:6112: gcc -o conftest -g -O2   conftest.c -ltre -lpthread -lm  >&5
configure:6112: $? = 0
configure:6112: result: yes
configure:6260: checking that generated files are newer than configure
configure:6266: result: done
configure:6293: creating ./config.status

## ---------------------- ##
## Running config.status. ##
## ---------------------- ##

This file was extended by scalpel config.status 2.01, which was
generated by GNU Autoconf 2.71.  Invocation command line was

  CONFIG_FILES    = 
  CONFIG_HEADERS  = 
  CONFIG_LINKS    = 
  CONFIG_COMMANDS = 
  $ ./config.status 

on CiC

config.status:776: creating Makefile
config.status:776: creating src/Makefile
config.status:776: creating man/Makefile
config.status:948: executing depfiles commands
config.status:1025: cd src       && sed -e '/# am--include-marker/d' Makefile         | make -f - am--depfiles
make: Nothing to be done for 'am--depfiles'.
config.status:1030: $? = 0

## ---------------- ##
## Cache variables. ##
## ---------------- ##

ac_cv_c_compiler_gnu=yes
ac_cv_c_inline=inline
ac_cv_env_CC_set=
ac_cv_env_CC_value=
ac_cv_env_CFLAGS_set=
ac_cv_env_CFLAGS_value=
ac_cv_env_CPPFLAGS_set=
ac_cv_env_CPPFLAGS_value=
ac_cv_env_LDFLAGS_set=
ac_cv_env_LDFLAGS_value=
ac_cv_env_LIBS_set=
ac_cv_env_LIBS_value=
ac_cv_env_build_alias_set=
ac_cv_env_build_alias_value=
ac_cv_env_host_alias_set=
ac_cv_env_host_alias_value=
ac_cv_env_target_alias_set=
ac_cv_env_target_alias_value=
ac_cv_func_bzero=yes
ac_cv_func_gettimeofday=yes
ac_cv_func_mkdir=yes
ac_cv_func_realpath=yes
ac_cv_func_regcomp=yes
ac_cv_func_strchr=yes
ac_cv_func_strdup=yes
ac_cv_func_strerror=yes
ac_cv_func_strncasecmp=yes
ac_cv_func_strtoul=yes
ac_cv_func_strtoull=yes
ac_cv_header_fcntl_h=yes
ac_cv_header_inttypes_h=yes
ac_cv_header_limits_h=yes
ac_cv_header_stdbool_h=yes
ac_cv_header_stddef_h=yes
ac_cv_header_stdint_h=yes
ac_cv_header_stdio_h=yes
ac_cv_header_stdlib_h=yes
ac_cv_header_string_h=yes
ac_cv_header_strings_h=yes
ac_cv_header_sys_ioctl_h=yes
ac_cv_header_sys_mount_h=yes
ac_cv_header_sys_param_h=yes
ac_cv_header_sys_stat_h=yes
ac_cv_header_sys_time_h=yes
ac_cv_header_sys_timeb_h=yes
ac_cv_header_sys_types_h=yes
ac_cv_header_unistd_h=yes
ac_cv_lib_m_fabs=yes
ac_cv_lib_pthread_pthread_create=yes
ac_cv_lib_tre_regcomp=yes
ac_cv_objext=o
ac_cv_path_mkdir=/usr/bin/mkdir
ac_cv_prog_AWK=gawk
ac_cv_prog_ac_ct_CC=gcc
ac_cv_prog_cc_c11=
ac_cv_prog_cc_g=yes
ac_cv_prog_cc_stdc=
ac_cv_prog_make_make_set=yes
ac_cv_sys_file_offset_bits=no
ac_cv_sys_largefile_CC=no
ac_cv_sys_largefile_source=no
ac_cv_type__Bool=yes
ac_cv_type_mode_t=yes
ac_cv_type_off_t=yes
ac_cv_type_pid_t=yes
ac_cv_type_size_t=yes
am_cv_CC_dependencies_compiler_type=gcc3
am_cv_make_support_nested_variables=yes
am_cv_prog_cc_c_o=yes

## ----------------- ##
## Output variables. ##
## ----------------- ##

ACLOCAL='aclocal-1.16'
AMDEPBACKSLASH='\'
AMDEP_FALSE='#'
AMDEP_TRUE=''
AMTAR='$${TAR-tar}'
AM_BACKSLASH='\'
AM_DEFAULT_V='$(AM_DEFAULT_VERBOSITY)'
AM_DEFAULT_VERBOSITY='1'
AM_V='$(V)'
AUTOCONF='autoconf'
AUTOHEADER='autoheader'
AUTOMAKE='automake-1.16'
AWK='gawk'
CC='gcc'
CCDEPMODE='depmode=gcc3'
CFLAGS='-g -O2'
CPPFLAGS=''
CSCOPE='cscope'
CTAGS='ctags'
CYGPATH_W='echo'
DEFS='-DPACKAGE_NAME=\"scalpel\" -DPACKAGE_TARNAME=\"scalpel\" -DPACKAGE_VERSION=\"2.01\" -DPACKAGE_STRING=\"scalpel\ 2.01\" -DPACKAGE_BUGREPORT=\"scalpel@digdeeply.com\" -DPACKAGE_URL=\"\" -DPACKAGE=\"scalpel\" -DVERSION=\"2.01\" -DHAVE_LIBM=1 -DHAVE_LIBPTHREAD=1 -DHAVE_LIBTRE=1 -DHAVE_STDIO_H=1 -DHAVE_STDLIB_H=1 -DHAVE_STRING_H=1 -DHAVE_INTTYPES_H=1 -DHAVE_STDINT_H=1 -DHAVE_STRINGS_H=1 -DHAVE_SYS_STAT_H=1 -DHAVE_SYS_TYPES_H=1 -DHAVE_UNISTD_H=1 -DSTDC_HEADERS=1 -DHAVE_FCNTL_H=1 -DHAVE_LIMITS_H=1 -DHAVE_STDDEF_H=1 -DHAVE_STDLIB_H=1 -DHAVE_STRING_H=1 -DHAVE_SYS_IOCTL_H=1 -DHAVE_SYS_MOUNT_H=1 -DHAVE_SYS_PARAM_H=1 -DHAVE_SYS_TIME_H=1 -DHAVE_SYS_TIMEB_H=1 -DHAVE_UNISTD_H=1 -DHAVE__BOOL=1 -DHAVE_STDBOOL_H=1 -DHAVE_FSEEKO=1 -DHAVE_BZERO=1 -DHAVE_GETTIMEOFDAY=1 -DHAVE_MKDIR=1 -DHAVE_REALPATH=1 -DHAVE_REGCOMP=1 -DHAVE_STRCHR=1 -DHAVE_STRDUP=1 -DHAVE_STRERROR=1 -DHAVE_STRNCASECMP=1 -DHAVE_STRTOUL=1 -DHAVE_STRTOULL=1'
DEPDIR='.deps'
ECHO_C=''
ECHO_N='-n'
ECHO_T=''
ETAGS='etags'
EXEEXT=''
INSTALL_DATA='${INSTALL} -m 644'
INSTALL_PROGRAM='${INSTALL}'
INSTALL_SCRIPT='${INSTALL}'
INSTALL_STRIP_PROGRAM='$(install_sh) -c -s'
LDFLAGS=''
LIBOBJS=''
LIBS='-ltre -lpthread -lm '
LTLIBOBJS=''
MAKEINFO='makeinfo'
MKDIR_P='/usr/bin/mkdir -p'
OBJEXT='o'
PACKAGE='scalpel'
PACKAGE_BUGREPORT='scalpel@digdeeply.com'
PACKAGE_NAME='scalpel'
PACKAGE_STRING='scalpel 2.01'
PACKAGE_TARNAME='scalpel'
PACKAGE_URL=''
PACKAGE_VERSION='2.01'
PATH_SEPARATOR=':'
SET_MAKE=''
SHELL='/bin/bash'
STRIP=''
VERSION='2.01'
ac_ct_CC='gcc'
am__EXEEXT_FALSE=''
am__EXEEXT_TRUE='#'
am__fastdepCC_FALSE='#'
am__fastdepCC_TRUE=''
am__include='include'
am__isrc=''
am__leading_dot='.'
am__nodep='_no'
am__quote=''
am__tar='$${TAR-tar} chof - "$$tardir"'
am__untar='$${TAR-tar} xf -'
bindir='${exec_prefix}/bin'
build_alias=''
datadir='${datarootdir}'
datarootdir='${prefix}/share'
docdir='${datarootdir}/doc/${PACKAGE_TARNAME}'
dvidir='${docdir}'
exec_prefix='${prefix}'
host_alias=''
htmldir='${docdir}'
includedir='${prefix}/include'
infodir='${datarootdir}/info'
install_sh='${SHELL} /mnt/hgfs/Work/scalpel-2.02/install-sh'
libdir='${exec_prefix}/lib'
libexecdir='${exec_prefix}/libexec'
localedir='${datarootdir}/locale'
localstatedir='${prefix}/var'
mandir='${datarootdir}/man'
mkdir_p='$(MKDIR_P)'
oldincludedir='/usr/include'
pdfdir='${docdir}'
prefix='/usr/local'
program_transform_name='s,x,x,'
psdir='${docdir}'
runstatedir='${localstatedir}/run'
sbindir='${exec_prefix}/sbin'
sharedstatedir='${prefix}/com'
sysconfdir='${prefix}/etc'
target_alias=''

## ----------- ##
## confdefs.h. ##
## ----------- ##

/* confdefs.h */
#define PACKAGE_NAME "scalpel"
#define PACKAGE_TARNAME "scalpel"
#define PACKAGE_VERSION "2.01"
#define PACKAGE_STRING "scalpel 2.01"
#define PACKAGE_BUGREPORT "scalpel@digdeeply.com"
#define PACKAGE_URL ""
#define PACKAGE "scalpel"
#define VERSION "2.01"
#define HAVE_LIBM 1
#define HAVE_LIBPTHREAD 1
#define HAVE_LIBTRE 1
#define HAVE_STDIO_H 1
#define HAVE_STDLIB_H 1
#define HAVE_STRING_H 1
#define HAVE_INTTYPES_H 1
#define HAVE_STDINT_H 1
#define HAVE_STRINGS_H 1
#define HAVE_SYS_STAT_H 1
#define HAVE_SYS_TYPES_H 1
#define HAVE_UNISTD_H 1
#define STDC_HEADERS 1
#define HAVE_FCNTL_H 1
#define HAVE_LIMITS_H 1
#define HAVE_STDDEF_H 1
#define HAVE_STDLIB_H 1
#define HAVE_STRING_H 1
#define HAVE_SYS_IOCTL_H 1
#define HAVE_SYS_MOUNT_H 1
#define HAVE_SYS_PARAM_H 1
#define HAVE_SYS_TIME_H 1
#define HAVE_SYS_TIMEB_H 1
#define HAVE_UNISTD_H 1
#define HAVE__BOOL 1
#define HAVE_STDBOOL_H 1
#define HAVE_FSEEKO 1
#define HAVE_BZERO 1
#define HAVE_GETTIMEOFDAY 1
#define HAVE_MKDIR 1
#define HAVE_REALPATH 1
#define HAVE_REGCOMP 1
#define HAVE_STRCHR 1
#define HAVE_STRDUP 1
#define HAVE_STRERROR 1
#define HAVE_STRNCASECMP 1
#define HAVE_STRTOUL 1
#define HAVE_STRTOULL 1

configure: exit 0
